current directory: /home/justindmc/justin.mcarthur/Development/code/Mod5/deMEstify/vendor-bundle/ruby/2.7.0/gems/puma-5.4.0/ext/puma_http11
/usr/share/rvm/rubies/ruby-2.7.4/bin/ruby -I /usr/share/rvm/rubies/ruby-2.7.4/lib/ruby/2.7.0 -r ./siteconf20210817-20514-1egcygl.rb extconf.rb
using OpenSSL pkgconfig (openssl.pc)
checking for openssl/bio.h... yes
checking for DTLS_method() in openssl/ssl.h... yes
checking for TLS_server_method() in openssl/ssl.h... yes
checking for SSL_CTX_set_min_proto_version(NULL, 0) in openssl/ssl.h... yes
checking for X509_STORE_up_ref()... yes
checking for SSL_CTX_set_ecdh_auto(NULL, 0) in openssl/ssl.h... yes
checking for Random.bytes... yes
creating Makefile

current directory: /home/justindmc/justin.mcarthur/Development/code/Mod5/deMEstify/vendor-bundle/ruby/2.7.0/gems/puma-5.4.0/ext/puma_http11
make "DESTDIR=" clean

current directory: /home/justindmc/justin.mcarthur/Development/code/Mod5/deMEstify/vendor-bundle/ruby/2.7.0/gems/puma-5.4.0/ext/puma_http11
make "DESTDIR="
compiling http11_parser.c
compiling mini_ssl.c
compiling puma_http11.c
linking shared-object puma/puma_http11.so

current directory: /home/justindmc/justin.mcarthur/Development/code/Mod5/deMEstify/vendor-bundle/ruby/2.7.0/gems/puma-5.4.0/ext/puma_http11
make "DESTDIR=" install
/usr/bin/install -m 0755 puma_http11.so ./.gem.20210817-20514-1c8m5qj/puma
